<?xml version="1.0" encoding="UTF-8"?>
<testng-results ignored="0" total="1" passed="1" failed="0" skipped="0">
  <reporter-output>
  </reporter-output>
  <suite started-at="2024-11-20T11:17:20 IST" name="Default suite" finished-at="2024-11-20T11:17:50 IST" duration-ms="30173">
    <groups>
    </groups>
    <test started-at="2024-11-20T11:17:20 IST" name="Default test" finished-at="2024-11-20T11:17:50 IST" duration-ms="30173">
      <class name="com.fly.test.ArticleTest">
        <test-method is-config="true" signature="setup()[pri:0, instance:com.fly.test.ArticleTest@2c4ca0f9]" started-at="2024-11-20T11:17:20 IST" name="setup" finished-at="2024-11-20T11:17:23 IST" duration-ms="3153" status="PASS">
          <reporter-output>
          </reporter-output>
        </test-method> <!-- setup -->
        <test-method signature="validEditArticle()[pri:0, instance:com.fly.test.ArticleTest@2c4ca0f9]" started-at="2024-11-20T11:17:23 IST" name="validEditArticle" finished-at="2024-11-20T11:17:49 IST" duration-ms="26444" status="PASS">
          <reporter-output>
          </reporter-output>
        </test-method> <!-- validEditArticle -->
        <test-method is-config="true" signature="tearDown()[pri:0, instance:com.fly.test.ArticleTest@2c4ca0f9]" started-at="2024-11-20T11:17:49 IST" name="tearDown" finished-at="2024-11-20T11:17:50 IST" duration-ms="444" status="PASS">
          <reporter-output>
          </reporter-output>
        </test-method> <!-- tearDown -->
      </class> <!-- com.fly.test.ArticleTest -->
    </test> <!-- Default test -->
  </suite> <!-- Default suite -->
</testng-results>
